<?xml version="1.0" encoding="UTF-8"?>
<testng-results ignored="0" total="6" passed="5" failed="1" skipped="0">
  <reporter-output>
  </reporter-output>
  <suite started-at="2021-01-24T11:39:02Z" name="Command line suite" finished-at="2021-01-24T11:39:07Z" duration-ms="4578">
    <groups>
    </groups>
    <test started-at="2021-01-24T11:39:02Z" name="Command line test" finished-at="2021-01-24T11:39:07Z" duration-ms="4578">
      <class name="FormTest">
        <test-method is-config="true" signature="setup()[pri:0, instance:FormTest@4923ab24]" started-at="2021-01-24T12:39:02Z" name="setup" finished-at="2021-01-24T12:39:04Z" duration-ms="1517" status="PASS">
          <reporter-output>
          </reporter-output>
        </test-method> <!-- setup -->
        <test-method signature="shouldSendForm()[pri:0, instance:FormTest@4923ab24]" started-at="2021-01-24T12:39:04Z" name="shouldSendForm" finished-at="2021-01-24T12:39:07Z" duration-ms="3032" status="PASS">
          <reporter-output>
          </reporter-output>
        </test-method> <!-- shouldSendForm -->
        <test-method is-config="true" signature="teardown()[pri:0, instance:FormTest@4923ab24]" started-at="2021-01-24T12:39:07Z" name="teardown" finished-at="2021-01-24T12:39:07Z" duration-ms="0" status="PASS">
          <reporter-output>
          </reporter-output>
        </test-method> <!-- teardown -->
      </class> <!-- FormTest -->
      <class name="AssertionsTest">
        <test-method signature="shouldFail()[pri:0, instance:AssertionsTest@670b40af]" started-at="2021-01-24T12:39:07Z" name="shouldFail" finished-at="2021-01-24T12:39:07Z" duration-ms="1" status="FAIL">
          <exception class="java.lang.AssertionError">
            <message>
              <![CDATA[expected [false] but found [true]]]>
            </message>
            <full-stacktrace>
              <![CDATA[java.lang.AssertionError: expected [false] but found [true]at org.testng.Assert.fail(Assert.java:96)at org.testng.Assert.failNotEquals(Assert.java:776)at org.testng.Assert.assertFalse(Assert.java:65)at org.testng.Assert.assertFalse(Assert.java:75)at AssertionsTest.shouldFail(AssertionsTest.java:15)at java.base/jdk.internal.reflect.NativeMethodAccessorImpl.invoke0(Native Method)at java.base/jdk.internal.reflect.NativeMethodAccessorImpl.invoke(NativeMethodAccessorImpl.java:64)at java.base/jdk.internal.reflect.DelegatingMethodAccessorImpl.invoke(DelegatingMethodAccessorImpl.java:43)at java.base/java.lang.reflect.Method.invoke(Method.java:564)at org.testng.internal.MethodInvocationHelper.invokeMethod(MethodInvocationHelper.java:124)at org.testng.internal.Invoker.invokeMethod(Invoker.java:571)at org.testng.internal.Invoker.invokeTestMethod(Invoker.java:707)at org.testng.internal.Invoker.invokeTestMethods(Invoker.java:979)at org.testng.internal.TestMethodWorker.invokeTestMethods(TestMethodWorker.java:125)at org.testng.internal.TestMethodWorker.run(TestMethodWorker.java:109)at org.testng.TestRunner.privateRun(TestRunner.java:648)at org.testng.TestRunner.run(TestRunner.java:505)at org.testng.SuiteRunner.runTest(SuiteRunner.java:455)at org.testng.SuiteRunner.runSequentially(SuiteRunner.java:450)at org.testng.SuiteRunner.privateRun(SuiteRunner.java:415)at org.testng.SuiteRunner.run(SuiteRunner.java:364)at org.testng.SuiteRunnerWorker.runSuite(SuiteRunnerWorker.java:52)at org.testng.SuiteRunnerWorker.run(SuiteRunnerWorker.java:84)at org.testng.TestNG.runSuitesSequentially(TestNG.java:1187)at org.testng.TestNG.runSuitesLocally(TestNG.java:1116)at org.testng.TestNG.runSuites(TestNG.java:1028)at org.testng.TestNG.run(TestNG.java:996)at org.apache.maven.surefire.testng.TestNGExecutor.run(TestNGExecutor.java:77)at org.apache.maven.surefire.testng.TestNGDirectoryTestSuite.executeMulti(TestNGDirectoryTestSuite.java:159)at org.apache.maven.surefire.testng.TestNGDirectoryTestSuite.execute(TestNGDirectoryTestSuite.java:99)at org.apache.maven.surefire.testng.TestNGProvider.invoke(TestNGProvider.java:106)at java.base/jdk.internal.reflect.NativeMethodAccessorImpl.invoke0(Native Method)at java.base/jdk.internal.reflect.NativeMethodAccessorImpl.invoke(NativeMethodAccessorImpl.java:64)at java.base/jdk.internal.reflect.DelegatingMethodAccessorImpl.invoke(DelegatingMethodAccessorImpl.java:43)at java.base/java.lang.reflect.Method.invoke(Method.java:564)at org.apache.maven.surefire.util.ReflectionUtils.invokeMethodWithArray(ReflectionUtils.java:189)at org.apache.maven.surefire.booter.ProviderFactory$ProviderProxy.invoke(ProviderFactory.java:165)at org.apache.maven.surefire.booter.ProviderFactory.invokeProvider(ProviderFactory.java:85)at org.apache.maven.surefire.booter.ForkedBooter.runSuitesInProcess(ForkedBooter.java:115)at org.apache.maven.surefire.booter.ForkedBooter.main(ForkedBooter.java:75)]]>
            </full-stacktrace>
          </exception> <!-- java.lang.AssertionError -->
          <reporter-output>
          </reporter-output>
        </test-method> <!-- shouldFail -->
        <test-method signature="shouldPass()[pri:0, instance:AssertionsTest@670b40af]" started-at="2021-01-24T12:39:07Z" name="shouldPass" finished-at="2021-01-24T12:39:07Z" duration-ms="0" status="PASS">
          <reporter-output>
          </reporter-output>
        </test-method> <!-- shouldPass -->
      </class> <!-- AssertionsTest -->
      <class name="AnnotationsTest">
        <test-method is-config="true" signature="beforeAll()[pri:0, instance:AnnotationsTest@27f723]" started-at="2021-01-24T12:39:02Z" name="beforeAll" finished-at="2021-01-24T12:39:02Z" duration-ms="8" status="PASS">
          <reporter-output>
          </reporter-output>
        </test-method> <!-- beforeAll -->
        <test-method signature="test1()[pri:0, instance:AnnotationsTest@27f723]" started-at="2021-01-24T12:39:02Z" name="test1" finished-at="2021-01-24T12:39:02Z" duration-ms="1" status="PASS">
          <reporter-output>
          </reporter-output>
        </test-method> <!-- test1 -->
        <test-method is-config="true" signature="setup()[pri:0, instance:AnnotationsTest@27f723]" started-at="2021-01-24T12:39:02Z" name="setup" finished-at="2021-01-24T12:39:02Z" duration-ms="0" status="PASS">
          <reporter-output>
          </reporter-output>
        </test-method> <!-- setup -->
        <test-method is-config="true" signature="tearDown()[pri:0, instance:AnnotationsTest@27f723]" started-at="2021-01-24T12:39:02Z" name="tearDown" finished-at="2021-01-24T12:39:02Z" duration-ms="0" status="PASS">
          <reporter-output>
          </reporter-output>
        </test-method> <!-- tearDown -->
        <test-method is-config="true" signature="setup()[pri:0, instance:AnnotationsTest@27f723]" started-at="2021-01-24T12:39:02Z" name="setup" finished-at="2021-01-24T12:39:02Z" duration-ms="0" status="PASS">
          <reporter-output>
          </reporter-output>
        </test-method> <!-- setup -->
        <test-method signature="test2()[pri:0, instance:AnnotationsTest@27f723]" started-at="2021-01-24T12:39:02Z" name="test2" finished-at="2021-01-24T12:39:02Z" duration-ms="0" status="PASS">
          <reporter-output>
          </reporter-output>
        </test-method> <!-- test2 -->
        <test-method is-config="true" signature="tearDown()[pri:0, instance:AnnotationsTest@27f723]" started-at="2021-01-24T12:39:02Z" name="tearDown" finished-at="2021-01-24T12:39:02Z" duration-ms="1" status="PASS">
          <reporter-output>
          </reporter-output>
        </test-method> <!-- tearDown -->
        <test-method is-config="true" signature="setup()[pri:0, instance:AnnotationsTest@27f723]" started-at="2021-01-24T12:39:02Z" name="setup" finished-at="2021-01-24T12:39:02Z" duration-ms="0" status="PASS">
          <reporter-output>
          </reporter-output>
        </test-method> <!-- setup -->
        <test-method is-config="true" signature="tearDown()[pri:0, instance:AnnotationsTest@27f723]" started-at="2021-01-24T12:39:02Z" name="tearDown" finished-at="2021-01-24T12:39:02Z" duration-ms="0" status="PASS">
          <reporter-output>
          </reporter-output>
        </test-method> <!-- tearDown -->
        <test-method signature="test3()[pri:0, instance:AnnotationsTest@27f723]" started-at="2021-01-24T12:39:02Z" name="test3" finished-at="2021-01-24T12:39:02Z" duration-ms="0" status="PASS">
          <reporter-output>
          </reporter-output>
        </test-method> <!-- test3 -->
        <test-method is-config="true" signature="afterAll()[pri:0, instance:AnnotationsTest@27f723]" started-at="2021-01-24T12:39:02Z" name="afterAll" finished-at="2021-01-24T12:39:02Z" duration-ms="0" status="PASS">
          <reporter-output>
          </reporter-output>
        </test-method> <!-- afterAll -->
      </class> <!-- AnnotationsTest -->
    </test> <!-- Command line test -->
  </suite> <!-- Command line suite -->
</testng-results>
